INFO : 08 jul 2014 13:43:32,284 DAO : Entra a guardaUsuario
INFO : 08 jul 2014 13:43:32,286 DAO : Usuario a guardar : net.haikudev.TO.UsuarioTO@52f759d7
INFO : 08 jul 2014 13:43:32,300 DAO : Setteando parametros
INFO : 08 jul 2014 13:43:32,301 DAO : Finaliza
ERROR: 08 jul 2014 13:50:33,646 Error al abrir la conexion a la base de datos
ERROR: 08 jul 2014 13:50:33,647 Descripcion del error:com.mysql.jdbc.Driver
INFO : 08 jul 2014 13:51:29,320 DAO : Entra a guardaUsuario
INFO : 08 jul 2014 13:51:29,322 DAO : Usuario a guardar : net.haikudev.TO.UsuarioTO@368102c8
INFO : 08 jul 2014 13:51:29,341 DAO : Setteando parametros
INFO : 08 jul 2014 13:51:29,343 DAO : Finaliza
INFO : 08 jul 2014 14:09:24,824 DAO : SqlApend : SELECT * FROM USUARIOS
INFO : 08 jul 2014 14:11:21,319 DAO : SqlApend : SELECT * FROM USUARIOS
INFO : 08 jul 2014 14:11:21,326 id usuario:1
INFO : 08 jul 2014 14:11:21,326 Usuario:Juan
INFO : 08 jul 2014 14:11:21,326 mail:jperez@gmail.com
INFO : 08 jul 2014 14:11:21,326 id usuario:2
INFO : 08 jul 2014 14:11:21,326 Usuario:Juan
INFO : 08 jul 2014 14:11:21,327 mail:jperez@gmail.com
INFO : 08 jul 2014 14:11:21,327 id usuario:3
INFO : 08 jul 2014 14:11:21,327 Usuario:Juan
INFO : 08 jul 2014 14:11:21,327 mail:jperez@gmail.com
INFO : 08 jul 2014 14:11:21,327 id usuario:4
INFO : 08 jul 2014 14:11:21,327 Usuario:Juan
INFO : 08 jul 2014 14:11:21,327 mail:jperez@gmail.com
INFO : 08 jul 2014 14:11:21,327 id usuario:5
INFO : 08 jul 2014 14:11:21,328 Usuario:Juan
INFO : 08 jul 2014 14:11:21,328 mail:jperez@gmail.com
INFO : 08 jul 2014 14:11:21,328 id usuario:6
INFO : 08 jul 2014 14:11:21,328 Usuario:Juan
INFO : 08 jul 2014 14:11:21,329 mail:jperez@gmail.com
INFO : 08 jul 2014 14:11:21,329 id usuario:7
INFO : 08 jul 2014 14:11:21,329 Usuario:Juan
INFO : 08 jul 2014 14:11:21,329 mail:jperez@gmail.com
INFO : 08 jul 2014 14:11:21,329 id usuario:8
INFO : 08 jul 2014 14:11:21,329 Usuario:Juan
INFO : 08 jul 2014 14:11:21,330 mail:jperez@gmail.com
INFO : 08 jul 2014 14:11:21,330 id usuario:9
INFO : 08 jul 2014 14:11:21,330 Usuario:Juan
INFO : 08 jul 2014 14:11:21,330 mail:jperez@gmail.com
INFO : 08 jul 2014 14:11:21,330 id usuario:10
INFO : 08 jul 2014 14:11:21,330 Usuario:Juan
INFO : 08 jul 2014 14:11:21,330 mail:jperez@gmail.com
INFO : 08 jul 2014 14:11:21,330 id usuario:11
INFO : 08 jul 2014 14:11:21,331 Usuario:Juan
INFO : 08 jul 2014 14:11:21,331 mail:jperez@gmail.com
INFO : 08 jul 2014 14:11:21,331 id usuario:12
INFO : 08 jul 2014 14:11:21,331 Usuario:Juan
INFO : 08 jul 2014 14:11:21,331 mail:jperez@gmail.com
INFO : 08 jul 2014 14:11:21,332 id usuario:13
INFO : 08 jul 2014 14:11:21,332 Usuario:Jose
INFO : 08 jul 2014 14:11:21,332 mail:josedlujan@gmail.com
INFO : 08 jul 2014 14:11:21,332 id usuario:14
INFO : 08 jul 2014 14:11:21,332 Usuario:Josue
INFO : 08 jul 2014 14:11:21,332 mail:jhernandez@gmail.com
INFO : 08 jul 2014 14:41:10,562 DAO : SqlApend : SELECT * FROM USUARIOS
INFO : 08 jul 2014 14:41:10,569 id usuario:1
INFO : 08 jul 2014 14:41:10,569 Usuario:Juan
INFO : 08 jul 2014 14:41:10,569 mail:jperez@gmail.com
INFO : 08 jul 2014 14:41:10,569 id usuario:2
INFO : 08 jul 2014 14:41:10,569 Usuario:Juan
INFO : 08 jul 2014 14:41:10,570 mail:jperez@gmail.com
INFO : 08 jul 2014 14:41:10,570 id usuario:3
INFO : 08 jul 2014 14:41:10,570 Usuario:Juan
INFO : 08 jul 2014 14:41:10,570 mail:jperez@gmail.com
INFO : 08 jul 2014 14:41:10,570 id usuario:4
INFO : 08 jul 2014 14:41:10,570 Usuario:Juan
INFO : 08 jul 2014 14:41:10,571 mail:jperez@gmail.com
INFO : 08 jul 2014 14:41:10,571 id usuario:5
INFO : 08 jul 2014 14:41:10,571 Usuario:Juan
INFO : 08 jul 2014 14:41:10,571 mail:jperez@gmail.com
INFO : 08 jul 2014 14:41:10,571 id usuario:6
INFO : 08 jul 2014 14:41:10,571 Usuario:Juan
INFO : 08 jul 2014 14:41:10,572 mail:jperez@gmail.com
INFO : 08 jul 2014 14:41:10,572 id usuario:7
INFO : 08 jul 2014 14:41:10,572 Usuario:Juan
INFO : 08 jul 2014 14:41:10,572 mail:jperez@gmail.com
INFO : 08 jul 2014 14:41:10,572 id usuario:8
INFO : 08 jul 2014 14:41:10,572 Usuario:Juan
INFO : 08 jul 2014 14:41:10,572 mail:jperez@gmail.com
INFO : 08 jul 2014 14:41:10,573 id usuario:9
INFO : 08 jul 2014 14:41:10,573 Usuario:Juan
INFO : 08 jul 2014 14:41:10,573 mail:jperez@gmail.com
INFO : 08 jul 2014 14:41:10,573 id usuario:10
INFO : 08 jul 2014 14:41:10,573 Usuario:Juan
INFO : 08 jul 2014 14:41:10,573 mail:jperez@gmail.com
INFO : 08 jul 2014 14:41:10,573 id usuario:11
INFO : 08 jul 2014 14:41:10,573 Usuario:Juan
INFO : 08 jul 2014 14:41:10,574 mail:jperez@gmail.com
INFO : 08 jul 2014 14:41:10,574 id usuario:12
INFO : 08 jul 2014 14:41:10,574 Usuario:Juan
INFO : 08 jul 2014 14:41:10,574 mail:jperez@gmail.com
INFO : 08 jul 2014 14:41:10,574 id usuario:13
INFO : 08 jul 2014 14:41:10,574 Usuario:Jose
INFO : 08 jul 2014 14:41:10,575 mail:josedlujan@gmail.com
INFO : 08 jul 2014 14:41:10,575 id usuario:14
INFO : 08 jul 2014 14:41:10,575 Usuario:Josue
INFO : 08 jul 2014 14:41:10,575 mail:jhernandez@gmail.com
